
*** Running vivado
    with args -log design_pl_inpp_axi_timer_0_0.vds -m64 -product Vivado -mode batch -messageDb vivado.pb -notrace -source design_pl_inpp_axi_timer_0_0.tcl


****** Vivado v2016.4 (64-bit)
  **** SW Build 1756540 on Mon Jan 23 19:11:23 MST 2017
  **** IP Build 1755317 on Mon Jan 23 20:30:07 MST 2017
    ** Copyright 1986-2016 Xilinx, Inc. All Rights Reserved.

source design_pl_inpp_axi_timer_0_0.tcl -notrace
Starting RTL Elaboration : Time (s): cpu = 00:00:10 ; elapsed = 00:00:11 . Memory (MB): peak = 346.270 ; gain = 136.887
INFO: [Synth 8-638] synthesizing module 'design_pl_inpp_axi_timer_0_0' [c:/Users/kab/Desktop/workspace/PL_INTP/PL_Intp.srcs/sources_1/bd/design_pl_inpp/ip/design_pl_inpp_axi_timer_0_0/synth/design_pl_inpp_axi_timer_0_0.vhd:87]
INFO: [Synth 8-638] synthesizing module 'axi_timer' [c:/Users/kab/Desktop/workspace/PL_INTP/PL_Intp.srcs/sources_1/bd/design_pl_inpp/ipshared/3edf/hdl/axi_timer_v2_0_vh_rfs.vhd:2141]
INFO: [Synth 8-638] synthesizing module 'tc_core' [c:/Users/kab/Desktop/workspace/PL_INTP/PL_Intp.srcs/sources_1/bd/design_pl_inpp/ipshared/3edf/hdl/axi_timer_v2_0_vh_rfs.vhd:1698]
INFO: [Synth 8-638] synthesizing module 'mux_onehot_f' [c:/Users/kab/Desktop/workspace/PL_INTP/PL_Intp.srcs/sources_1/bd/design_pl_inpp/ipshared/3edf/hdl/axi_timer_v2_0_vh_rfs.vhd:365]
INFO: [Synth 8-638] synthesizing module 'MUXCY' [C:/Xilinx/Vivado/2016.4/scripts/rt/data/unisim_comp.v:21268]
INFO: [Synth 8-256] done synthesizing module 'MUXCY' (1#1) [C:/Xilinx/Vivado/2016.4/scripts/rt/data/unisim_comp.v:21268]
INFO: [Synth 8-256] done synthesizing module 'mux_onehot_f' (2#1) [c:/Users/kab/Desktop/workspace/PL_INTP/PL_Intp.srcs/sources_1/bd/design_pl_inpp/ipshared/3edf/hdl/axi_timer_v2_0_vh_rfs.vhd:365]
INFO: [Synth 8-638] synthesizing module 'count_module' [c:/Users/kab/Desktop/workspace/PL_INTP/PL_Intp.srcs/sources_1/bd/design_pl_inpp/ipshared/3edf/hdl/axi_timer_v2_0_vh_rfs.vhd:1434]
INFO: [Synth 8-638] synthesizing module 'counter_f' [c:/Users/kab/Desktop/workspace/PL_INTP/PL_Intp.srcs/sources_1/bd/design_pl_inpp/ipshared/3edf/hdl/axi_timer_v2_0_vh_rfs.vhd:148]
INFO: [Synth 8-256] done synthesizing module 'counter_f' (3#1) [c:/Users/kab/Desktop/workspace/PL_INTP/PL_Intp.srcs/sources_1/bd/design_pl_inpp/ipshared/3edf/hdl/axi_timer_v2_0_vh_rfs.vhd:148]
INFO: [Synth 8-256] done synthesizing module 'count_module' (4#1) [c:/Users/kab/Desktop/workspace/PL_INTP/PL_Intp.srcs/sources_1/bd/design_pl_inpp/ipshared/3edf/hdl/axi_timer_v2_0_vh_rfs.vhd:1434]
INFO: [Synth 8-638] synthesizing module 'timer_control' [c:/Users/kab/Desktop/workspace/PL_INTP/PL_Intp.srcs/sources_1/bd/design_pl_inpp/ipshared/3edf/hdl/axi_timer_v2_0_vh_rfs.vhd:835]
INFO: [Synth 8-638] synthesizing module 'cdc_sync' [c:/Users/kab/Desktop/workspace/PL_INTP/PL_Intp.srcs/sources_1/bd/design_pl_inpp/ipshared/52cb/hdl/lib_cdc_v1_0_rfs.vhd:106]
INFO: [Synth 8-256] done synthesizing module 'cdc_sync' (5#1) [c:/Users/kab/Desktop/workspace/PL_INTP/PL_Intp.srcs/sources_1/bd/design_pl_inpp/ipshared/52cb/hdl/lib_cdc_v1_0_rfs.vhd:106]
INFO: [Synth 8-256] done synthesizing module 'timer_control' (6#1) [c:/Users/kab/Desktop/workspace/PL_INTP/PL_Intp.srcs/sources_1/bd/design_pl_inpp/ipshared/3edf/hdl/axi_timer_v2_0_vh_rfs.vhd:835]
INFO: [Synth 8-256] done synthesizing module 'tc_core' (7#1) [c:/Users/kab/Desktop/workspace/PL_INTP/PL_Intp.srcs/sources_1/bd/design_pl_inpp/ipshared/3edf/hdl/axi_timer_v2_0_vh_rfs.vhd:1698]
INFO: [Synth 8-638] synthesizing module 'axi_lite_ipif' [c:/Users/kab/Desktop/workspace/PL_INTP/PL_Intp.srcs/sources_1/bd/design_pl_inpp/ipshared/0ba0/hdl/axi_lite_ipif_v3_0_vh_rfs.vhd:2948]
INFO: [Synth 8-638] synthesizing module 'slave_attachment' [c:/Users/kab/Desktop/workspace/PL_INTP/PL_Intp.srcs/sources_1/bd/design_pl_inpp/ipshared/0ba0/hdl/axi_lite_ipif_v3_0_vh_rfs.vhd:2341]
INFO: [Synth 8-638] synthesizing module 'address_decoder' [c:/Users/kab/Desktop/workspace/PL_INTP/PL_Intp.srcs/sources_1/bd/design_pl_inpp/ipshared/0ba0/hdl/axi_lite_ipif_v3_0_vh_rfs.vhd:1775]
INFO: [Synth 8-638] synthesizing module 'pselect_f' [c:/Users/kab/Desktop/workspace/PL_INTP/PL_Intp.srcs/sources_1/bd/design_pl_inpp/ipshared/0ba0/hdl/axi_lite_ipif_v3_0_vh_rfs.vhd:1534]
INFO: [Synth 8-256] done synthesizing module 'pselect_f' (8#1) [c:/Users/kab/Desktop/workspace/PL_INTP/PL_Intp.srcs/sources_1/bd/design_pl_inpp/ipshared/0ba0/hdl/axi_lite_ipif_v3_0_vh_rfs.vhd:1534]
INFO: [Synth 8-638] synthesizing module 'pselect_f__parameterized0' [c:/Users/kab/Desktop/workspace/PL_INTP/PL_Intp.srcs/sources_1/bd/design_pl_inpp/ipshared/0ba0/hdl/axi_lite_ipif_v3_0_vh_rfs.vhd:1534]
INFO: [Synth 8-256] done synthesizing module 'pselect_f__parameterized0' (8#1) [c:/Users/kab/Desktop/workspace/PL_INTP/PL_Intp.srcs/sources_1/bd/design_pl_inpp/ipshared/0ba0/hdl/axi_lite_ipif_v3_0_vh_rfs.vhd:1534]
INFO: [Synth 8-638] synthesizing module 'pselect_f__parameterized1' [c:/Users/kab/Desktop/workspace/PL_INTP/PL_Intp.srcs/sources_1/bd/design_pl_inpp/ipshared/0ba0/hdl/axi_lite_ipif_v3_0_vh_rfs.vhd:1534]
INFO: [Synth 8-256] done synthesizing module 'pselect_f__parameterized1' (8#1) [c:/Users/kab/Desktop/workspace/PL_INTP/PL_Intp.srcs/sources_1/bd/design_pl_inpp/ipshared/0ba0/hdl/axi_lite_ipif_v3_0_vh_rfs.vhd:1534]
INFO: [Synth 8-638] synthesizing module 'pselect_f__parameterized2' [c:/Users/kab/Desktop/workspace/PL_INTP/PL_Intp.srcs/sources_1/bd/design_pl_inpp/ipshared/0ba0/hdl/axi_lite_ipif_v3_0_vh_rfs.vhd:1534]
INFO: [Synth 8-256] done synthesizing module 'pselect_f__parameterized2' (8#1) [c:/Users/kab/Desktop/workspace/PL_INTP/PL_Intp.srcs/sources_1/bd/design_pl_inpp/ipshared/0ba0/hdl/axi_lite_ipif_v3_0_vh_rfs.vhd:1534]
INFO: [Synth 8-638] synthesizing module 'pselect_f__parameterized3' [c:/Users/kab/Desktop/workspace/PL_INTP/PL_Intp.srcs/sources_1/bd/design_pl_inpp/ipshared/0ba0/hdl/axi_lite_ipif_v3_0_vh_rfs.vhd:1534]
INFO: [Synth 8-256] done synthesizing module 'pselect_f__parameterized3' (8#1) [c:/Users/kab/Desktop/workspace/PL_INTP/PL_Intp.srcs/sources_1/bd/design_pl_inpp/ipshared/0ba0/hdl/axi_lite_ipif_v3_0_vh_rfs.vhd:1534]
INFO: [Synth 8-638] synthesizing module 'pselect_f__parameterized4' [c:/Users/kab/Desktop/workspace/PL_INTP/PL_Intp.srcs/sources_1/bd/design_pl_inpp/ipshared/0ba0/hdl/axi_lite_ipif_v3_0_vh_rfs.vhd:1534]
INFO: [Synth 8-256] done synthesizing module 'pselect_f__parameterized4' (8#1) [c:/Users/kab/Desktop/workspace/PL_INTP/PL_Intp.srcs/sources_1/bd/design_pl_inpp/ipshared/0ba0/hdl/axi_lite_ipif_v3_0_vh_rfs.vhd:1534]
INFO: [Synth 8-638] synthesizing module 'pselect_f__parameterized5' [c:/Users/kab/Desktop/workspace/PL_INTP/PL_Intp.srcs/sources_1/bd/design_pl_inpp/ipshared/0ba0/hdl/axi_lite_ipif_v3_0_vh_rfs.vhd:1534]
INFO: [Synth 8-256] done synthesizing module 'pselect_f__parameterized5' (8#1) [c:/Users/kab/Desktop/workspace/PL_INTP/PL_Intp.srcs/sources_1/bd/design_pl_inpp/ipshared/0ba0/hdl/axi_lite_ipif_v3_0_vh_rfs.vhd:1534]
INFO: [Synth 8-638] synthesizing module 'pselect_f__parameterized6' [c:/Users/kab/Desktop/workspace/PL_INTP/PL_Intp.srcs/sources_1/bd/design_pl_inpp/ipshared/0ba0/hdl/axi_lite_ipif_v3_0_vh_rfs.vhd:1534]
INFO: [Synth 8-256] done synthesizing module 'pselect_f__parameterized6' (8#1) [c:/Users/kab/Desktop/workspace/PL_INTP/PL_Intp.srcs/sources_1/bd/design_pl_inpp/ipshared/0ba0/hdl/axi_lite_ipif_v3_0_vh_rfs.vhd:1534]
INFO: [Synth 8-256] done synthesizing module 'address_decoder' (9#1) [c:/Users/kab/Desktop/workspace/PL_INTP/PL_Intp.srcs/sources_1/bd/design_pl_inpp/ipshared/0ba0/hdl/axi_lite_ipif_v3_0_vh_rfs.vhd:1775]
INFO: [Synth 8-256] done synthesizing module 'slave_attachment' (10#1) [c:/Users/kab/Desktop/workspace/PL_INTP/PL_Intp.srcs/sources_1/bd/design_pl_inpp/ipshared/0ba0/hdl/axi_lite_ipif_v3_0_vh_rfs.vhd:2341]
INFO: [Synth 8-256] done synthesizing module 'axi_lite_ipif' (11#1) [c:/Users/kab/Desktop/workspace/PL_INTP/PL_Intp.srcs/sources_1/bd/design_pl_inpp/ipshared/0ba0/hdl/axi_lite_ipif_v3_0_vh_rfs.vhd:2948]
INFO: [Synth 8-256] done synthesizing module 'axi_timer' (12#1) [c:/Users/kab/Desktop/workspace/PL_INTP/PL_Intp.srcs/sources_1/bd/design_pl_inpp/ipshared/3edf/hdl/axi_timer_v2_0_vh_rfs.vhd:2141]
INFO: [Synth 8-256] done synthesizing module 'design_pl_inpp_axi_timer_0_0' (13#1) [c:/Users/kab/Desktop/workspace/PL_INTP/PL_Intp.srcs/sources_1/bd/design_pl_inpp/ip/design_pl_inpp_axi_timer_0_0/synth/design_pl_inpp_axi_timer_0_0.vhd:87]
Finished RTL Elaboration : Time (s): cpu = 00:00:11 ; elapsed = 00:00:13 . Memory (MB): peak = 384.973 ; gain = 175.590
Finished RTL Optimization Phase 1 : Time (s): cpu = 00:00:12 ; elapsed = 00:00:13 . Memory (MB): peak = 384.973 ; gain = 175.590
INFO: [Device 21-403] Loading part xc7z020clg484-1
Constraint Validation Runtime : Time (s): cpu = 00:00:00 ; elapsed = 00:00:00.025 . Memory (MB): peak = 709.926 ; gain = 0.039
Finished Constraint Validation : Time (s): cpu = 00:00:23 ; elapsed = 00:00:25 . Memory (MB): peak = 709.926 ; gain = 500.543
Finished Loading Part and Timing Information : Time (s): cpu = 00:00:23 ; elapsed = 00:00:25 . Memory (MB): peak = 709.926 ; gain = 500.543
Finished applying 'set_property' XDC Constraints : Time (s): cpu = 00:00:23 ; elapsed = 00:00:25 . Memory (MB): peak = 709.926 ; gain = 500.543
Finished RTL Optimization Phase 2 : Time (s): cpu = 00:00:24 ; elapsed = 00:00:26 . Memory (MB): peak = 709.926 ; gain = 500.543
Finished Cross Boundary and Area Optimization : Time (s): cpu = 00:00:26 ; elapsed = 00:00:27 . Memory (MB): peak = 709.926 ; gain = 500.543
Finished Applying XDC Timing Constraints : Time (s): cpu = 00:00:37 ; elapsed = 00:00:39 . Memory (MB): peak = 709.926 ; gain = 500.543
Finished Timing Optimization : Time (s): cpu = 00:00:38 ; elapsed = 00:00:40 . Memory (MB): peak = 709.926 ; gain = 500.543
Finished Technology Mapping : Time (s): cpu = 00:00:38 ; elapsed = 00:00:41 . Memory (MB): peak = 709.926 ; gain = 500.543
Finished IO Insertion : Time (s): cpu = 00:00:39 ; elapsed = 00:00:41 . Memory (MB): peak = 709.926 ; gain = 500.543
Finished Renaming Generated Instances : Time (s): cpu = 00:00:39 ; elapsed = 00:00:41 . Memory (MB): peak = 709.926 ; gain = 500.543
Finished Rebuilding User Hierarchy : Time (s): cpu = 00:00:39 ; elapsed = 00:00:41 . Memory (MB): peak = 709.926 ; gain = 500.543
Finished Renaming Generated Ports : Time (s): cpu = 00:00:39 ; elapsed = 00:00:41 . Memory (MB): peak = 709.926 ; gain = 500.543
Finished Handling Custom Attributes : Time (s): cpu = 00:00:39 ; elapsed = 00:00:41 . Memory (MB): peak = 709.926 ; gain = 500.543
Finished Renaming Generated Nets : Time (s): cpu = 00:00:39 ; elapsed = 00:00:41 . Memory (MB): peak = 709.926 ; gain = 500.543

Report Cell Usage: 
+------+-------+------+
|      |Cell   |Count |
+------+-------+------+
|1     |CARRY4 |    16|
|2     |LUT1   |     6|
|3     |LUT2   |    82|
|4     |LUT3   |    97|
|5     |LUT4   |    81|
|6     |LUT5   |    22|
|7     |LUT6   |    63|
|8     |MUXCY  |    64|
|9     |FDR    |    12|
|10    |FDRE   |   228|
+------+-------+------+
Finished Writing Synthesis Report : Time (s): cpu = 00:00:39 ; elapsed = 00:00:41 . Memory (MB): peak = 709.926 ; gain = 500.543
synth_design: Time (s): cpu = 00:00:36 ; elapsed = 00:00:36 . Memory (MB): peak = 714.340 ; gain = 450.762
