14:05:33 INFO  : Registering command handlers for SDK TCF services
14:05:33 INFO  : Launching XSCT server: xsct.bat -interactive C:\Users\kab\Desktop\workspace\PL_INTP\temp_xsdb_launch_script.tcl
14:05:34 INFO  : XSCT server has started successfully.
14:05:34 INFO  : Successfully done setting XSCT server connection channel  
14:05:35 INFO  : Successfully done setting SDK workspace  
14:05:35 INFO  : Processing command line option -hwspec C:/Users/kab/Desktop/workspace/PL_INTP/design_PL_Intp_wrapper.hdf.
14:05:49 INFO  : Connected to target on host '127.0.0.1' and port '3121'.
14:05:53 INFO  : 'targets -set -filter {jtag_cable_name =~ "Digilent Zed 210248570623" && level==0} -index 1' command is executed.
14:05:57 INFO  : FPGA configured successfully with bitstream "C:/Users/kab/Desktop/workspace/PL_INTP/design_PL_Intp_wrapper_hw_platform_0/design_PL_Intp_wrapper.bit"
14:08:07 INFO  : 'targets -set -filter {jtag_cable_name =~ "Digilent Zed 210248570623" && level==0} -index 1' command is executed.
14:08:07 INFO  : 'fpga -state' command is executed.
14:08:07 INFO  : Connected to target on host '127.0.0.1' and port '3121'.
14:08:07 INFO  : Jtag cable 'Digilent Zed 210248570623' is selected.
14:08:08 INFO  : 'jtag frequency' command is executed.
14:08:08 INFO  : Sourcing of 'C:/Users/kab/Desktop/workspace/PL_INTP/design_PL_Intp_wrapper_hw_platform_0/ps7_init.tcl' is done.
14:08:08 INFO  : Context for 'APU' is selected.
14:08:09 INFO  : Hardware design information is loaded from 'C:/Users/kab/Desktop/workspace/PL_INTP/design_PL_Intp_wrapper_hw_platform_0/system.hdf'.
14:08:09 INFO  : Context for 'APU' is selected.
14:08:09 INFO  : 'stop' command is executed.
14:08:12 INFO  : 'ps7_init' command is executed.
14:08:13 INFO  : 'ps7_post_config' command is executed.
14:08:13 INFO  : Context for processor 'ps7_cortexa9_0' is selected.
14:08:13 INFO  : Processor reset is completed for 'ps7_cortexa9_0'.
14:08:13 INFO  : Context for processor 'ps7_cortexa9_0' is selected.
14:08:13 INFO  : The application 'C:/Users/kab/Desktop/workspace/PL_INTP/axi_timer_pl_intp/Debug/axi_timer_pl_intp.elf' is downloaded to processor 'ps7_cortexa9_0'.
14:08:13 INFO  : ----------------XSDB Script----------------
connect -url tcp:127.0.0.1:3121
source C:/Users/kab/Desktop/workspace/PL_INTP/design_PL_Intp_wrapper_hw_platform_0/ps7_init.tcl
targets -set -nocase -filter {name =~"APU*" && jtag_cable_name =~ "Digilent Zed 210248570623"} -index 0
loadhw C:/Users/kab/Desktop/workspace/PL_INTP/design_PL_Intp_wrapper_hw_platform_0/system.hdf
targets -set -nocase -filter {name =~"APU*" && jtag_cable_name =~ "Digilent Zed 210248570623"} -index 0
stop
ps7_init
ps7_post_config
targets -set -nocase -filter {name =~ "ARM*#0" && jtag_cable_name =~ "Digilent Zed 210248570623"} -index 0
rst -processor
targets -set -nocase -filter {name =~ "ARM*#0" && jtag_cable_name =~ "Digilent Zed 210248570623"} -index 0
dow C:/Users/kab/Desktop/workspace/PL_INTP/axi_timer_pl_intp/Debug/axi_timer_pl_intp.elf
----------------End of Script----------------

14:08:14 INFO  : Memory regions updated for context APU
14:08:14 INFO  : Context for processor 'ps7_cortexa9_0' is selected.
14:08:14 INFO  : 'con' command is executed.
14:08:14 INFO  : ----------------XSDB Script (After Launch)----------------
targets -set -nocase -filter {name =~ "ARM*#0" && jtag_cable_name =~ "Digilent Zed 210248570623"} -index 0
con
----------------End of Script----------------

14:08:14 INFO  : Launch script is exported to file 'C:\Users\kab\Desktop\workspace\PL_INTP\.sdk\launch_scripts\xilinx_c-c++_application_(system_debugger)\debug_axi_timer_pl_intp.tcl'
14:16:54 INFO  : Disconnected from the channel tcfchan#1.
14:16:55 INFO  : 'targets -set -filter {jtag_cable_name =~ "Digilent Zed 210248570623" && level==0} -index 1' command is executed.
14:16:55 INFO  : 'fpga -state' command is executed.
14:16:55 INFO  : Connected to target on host '127.0.0.1' and port '3121'.
14:16:55 INFO  : Jtag cable 'Digilent Zed 210248570623' is selected.
14:16:55 INFO  : 'jtag frequency' command is executed.
14:16:55 INFO  : Sourcing of 'C:/Users/kab/Desktop/workspace/PL_INTP/design_PL_Intp_wrapper_hw_platform_0/ps7_init.tcl' is done.
14:16:55 INFO  : Context for 'APU' is selected.
14:16:58 INFO  : Hardware design information is loaded from 'C:/Users/kab/Desktop/workspace/PL_INTP/design_PL_Intp_wrapper_hw_platform_0/system.hdf'.
14:16:58 INFO  : Context for 'APU' is selected.
14:16:58 INFO  : 'stop' command is executed.
14:17:02 INFO  : 'ps7_init' command is executed.
14:17:02 INFO  : 'ps7_post_config' command is executed.
14:17:02 INFO  : Context for processor 'ps7_cortexa9_0' is selected.
14:17:03 INFO  : Processor reset is completed for 'ps7_cortexa9_0'.
14:17:03 INFO  : Context for processor 'ps7_cortexa9_0' is selected.
14:17:03 INFO  : The application 'C:/Users/kab/Desktop/workspace/PL_INTP/axi_timer_pl_intp/Debug/axi_timer_pl_intp.elf' is downloaded to processor 'ps7_cortexa9_0'.
14:17:03 INFO  : ----------------XSDB Script----------------
connect -url tcp:127.0.0.1:3121
source C:/Users/kab/Desktop/workspace/PL_INTP/design_PL_Intp_wrapper_hw_platform_0/ps7_init.tcl
targets -set -nocase -filter {name =~"APU*" && jtag_cable_name =~ "Digilent Zed 210248570623"} -index 0
loadhw C:/Users/kab/Desktop/workspace/PL_INTP/design_PL_Intp_wrapper_hw_platform_0/system.hdf
targets -set -nocase -filter {name =~"APU*" && jtag_cable_name =~ "Digilent Zed 210248570623"} -index 0
stop
ps7_init
ps7_post_config
targets -set -nocase -filter {name =~ "ARM*#0" && jtag_cable_name =~ "Digilent Zed 210248570623"} -index 0
rst -processor
targets -set -nocase -filter {name =~ "ARM*#0" && jtag_cable_name =~ "Digilent Zed 210248570623"} -index 0
dow C:/Users/kab/Desktop/workspace/PL_INTP/axi_timer_pl_intp/Debug/axi_timer_pl_intp.elf
----------------End of Script----------------

14:17:04 INFO  : Memory regions updated for context APU
14:17:04 INFO  : Context for processor 'ps7_cortexa9_0' is selected.
14:17:04 INFO  : 'con' command is executed.
14:17:04 INFO  : ----------------XSDB Script (After Launch)----------------
targets -set -nocase -filter {name =~ "ARM*#0" && jtag_cable_name =~ "Digilent Zed 210248570623"} -index 0
con
----------------End of Script----------------

14:17:04 INFO  : Launch script is exported to file 'C:\Users\kab\Desktop\workspace\PL_INTP\.sdk\launch_scripts\xilinx_c-c++_application_(system_debugger)\debug_axi_timer_pl_intp.tcl'
14:17:20 INFO  : Disconnected from the channel tcfchan#2.
14:17:21 INFO  : 'targets -set -filter {jtag_cable_name =~ "Digilent Zed 210248570623" && level==0} -index 1' command is executed.
14:17:22 INFO  : 'fpga -state' command is executed.
14:17:22 INFO  : Connected to target on host '127.0.0.1' and port '3121'.
14:17:22 INFO  : Jtag cable 'Digilent Zed 210248570623' is selected.
14:17:22 INFO  : 'jtag frequency' command is executed.
14:17:22 INFO  : Sourcing of 'C:/Users/kab/Desktop/workspace/PL_INTP/design_PL_Intp_wrapper_hw_platform_0/ps7_init.tcl' is done.
14:17:22 INFO  : Context for 'APU' is selected.
14:17:24 INFO  : Hardware design information is loaded from 'C:/Users/kab/Desktop/workspace/PL_INTP/design_PL_Intp_wrapper_hw_platform_0/system.hdf'.
14:17:24 INFO  : Context for 'APU' is selected.
14:17:24 INFO  : 'stop' command is executed.
14:17:28 INFO  : 'ps7_init' command is executed.
14:17:28 INFO  : 'ps7_post_config' command is executed.
14:17:28 INFO  : Context for processor 'ps7_cortexa9_0' is selected.
14:17:29 INFO  : Processor reset is completed for 'ps7_cortexa9_0'.
14:17:29 INFO  : Context for processor 'ps7_cortexa9_0' is selected.
14:17:29 INFO  : The application 'C:/Users/kab/Desktop/workspace/PL_INTP/axi_timer_pl_intp/Debug/axi_timer_pl_intp.elf' is downloaded to processor 'ps7_cortexa9_0'.
14:17:29 INFO  : ----------------XSDB Script----------------
connect -url tcp:127.0.0.1:3121
source C:/Users/kab/Desktop/workspace/PL_INTP/design_PL_Intp_wrapper_hw_platform_0/ps7_init.tcl
targets -set -nocase -filter {name =~"APU*" && jtag_cable_name =~ "Digilent Zed 210248570623"} -index 0
loadhw C:/Users/kab/Desktop/workspace/PL_INTP/design_PL_Intp_wrapper_hw_platform_0/system.hdf
targets -set -nocase -filter {name =~"APU*" && jtag_cable_name =~ "Digilent Zed 210248570623"} -index 0
stop
ps7_init
ps7_post_config
targets -set -nocase -filter {name =~ "ARM*#0" && jtag_cable_name =~ "Digilent Zed 210248570623"} -index 0
rst -processor
targets -set -nocase -filter {name =~ "ARM*#0" && jtag_cable_name =~ "Digilent Zed 210248570623"} -index 0
dow C:/Users/kab/Desktop/workspace/PL_INTP/axi_timer_pl_intp/Debug/axi_timer_pl_intp.elf
----------------End of Script----------------

14:17:30 INFO  : Memory regions updated for context APU
14:17:30 INFO  : Context for processor 'ps7_cortexa9_0' is selected.
14:17:30 INFO  : 'con' command is executed.
14:17:30 INFO  : ----------------XSDB Script (After Launch)----------------
targets -set -nocase -filter {name =~ "ARM*#0" && jtag_cable_name =~ "Digilent Zed 210248570623"} -index 0
con
----------------End of Script----------------

14:17:30 INFO  : Launch script is exported to file 'C:\Users\kab\Desktop\workspace\PL_INTP\.sdk\launch_scripts\xilinx_c-c++_application_(system_debugger)\debug_axi_timer_pl_intp.tcl'
14:21:13 INFO  : Disconnected from the channel tcfchan#3.
14:21:15 INFO  : 'targets -set -filter {jtag_cable_name =~ "Digilent Zed 210248570623" && level==0} -index 1' command is executed.
14:21:15 INFO  : 'fpga -state' command is executed.
14:21:15 INFO  : Connected to target on host '127.0.0.1' and port '3121'.
14:21:16 INFO  : Jtag cable 'Digilent Zed 210248570623' is selected.
14:21:16 INFO  : 'jtag frequency' command is executed.
14:21:16 INFO  : Sourcing of 'C:/Users/kab/Desktop/workspace/PL_INTP/design_PL_Intp_wrapper_hw_platform_0/ps7_init.tcl' is done.
14:21:16 INFO  : Context for 'APU' is selected.
14:21:18 INFO  : Hardware design information is loaded from 'C:/Users/kab/Desktop/workspace/PL_INTP/design_PL_Intp_wrapper_hw_platform_0/system.hdf'.
14:21:18 INFO  : Context for 'APU' is selected.
14:21:18 INFO  : 'stop' command is executed.
14:21:20 INFO  : 'ps7_init' command is executed.
14:21:20 INFO  : 'ps7_post_config' command is executed.
14:21:20 INFO  : Context for processor 'ps7_cortexa9_0' is selected.
14:21:20 INFO  : Processor reset is completed for 'ps7_cortexa9_0'.
14:21:20 INFO  : Context for processor 'ps7_cortexa9_0' is selected.
14:21:21 INFO  : The application 'C:/Users/kab/Desktop/workspace/PL_INTP/axi_timer_pl_intp/Debug/axi_timer_pl_intp.elf' is downloaded to processor 'ps7_cortexa9_0'.
14:21:21 INFO  : ----------------XSDB Script----------------
connect -url tcp:127.0.0.1:3121
source C:/Users/kab/Desktop/workspace/PL_INTP/design_PL_Intp_wrapper_hw_platform_0/ps7_init.tcl
targets -set -nocase -filter {name =~"APU*" && jtag_cable_name =~ "Digilent Zed 210248570623"} -index 0
loadhw C:/Users/kab/Desktop/workspace/PL_INTP/design_PL_Intp_wrapper_hw_platform_0/system.hdf
targets -set -nocase -filter {name =~"APU*" && jtag_cable_name =~ "Digilent Zed 210248570623"} -index 0
stop
ps7_init
ps7_post_config
targets -set -nocase -filter {name =~ "ARM*#0" && jtag_cable_name =~ "Digilent Zed 210248570623"} -index 0
rst -processor
targets -set -nocase -filter {name =~ "ARM*#0" && jtag_cable_name =~ "Digilent Zed 210248570623"} -index 0
dow C:/Users/kab/Desktop/workspace/PL_INTP/axi_timer_pl_intp/Debug/axi_timer_pl_intp.elf
----------------End of Script----------------

14:21:21 INFO  : Memory regions updated for context APU
14:21:21 INFO  : Context for processor 'ps7_cortexa9_0' is selected.
14:21:21 INFO  : 'con' command is executed.
14:21:21 INFO  : ----------------XSDB Script (After Launch)----------------
targets -set -nocase -filter {name =~ "ARM*#0" && jtag_cable_name =~ "Digilent Zed 210248570623"} -index 0
con
----------------End of Script----------------

14:21:21 INFO  : Launch script is exported to file 'C:\Users\kab\Desktop\workspace\PL_INTP\.sdk\launch_scripts\xilinx_c-c++_application_(system_debugger)\debug_axi_timer_pl_intp.tcl'
14:28:26 INFO  : Disconnected from the channel tcfchan#4.
14:28:28 INFO  : 'targets -set -filter {jtag_cable_name =~ "Digilent Zed 210248570623" && level==0} -index 1' command is executed.
14:28:28 INFO  : 'fpga -state' command is executed.
14:28:28 INFO  : Connected to target on host '127.0.0.1' and port '3121'.
14:28:29 INFO  : Jtag cable 'Digilent Zed 210248570623' is selected.
14:28:29 INFO  : 'jtag frequency' command is executed.
14:28:29 INFO  : Sourcing of 'C:/Users/kab/Desktop/workspace/PL_INTP/design_PL_Intp_wrapper_hw_platform_0/ps7_init.tcl' is done.
14:28:29 INFO  : Context for 'APU' is selected.
14:28:31 INFO  : Hardware design information is loaded from 'C:/Users/kab/Desktop/workspace/PL_INTP/design_PL_Intp_wrapper_hw_platform_0/system.hdf'.
14:28:31 INFO  : Context for 'APU' is selected.
14:28:31 INFO  : 'stop' command is executed.
14:28:34 INFO  : 'ps7_init' command is executed.
14:28:35 INFO  : 'ps7_post_config' command is executed.
14:28:35 INFO  : Context for processor 'ps7_cortexa9_0' is selected.
14:28:36 INFO  : Processor reset is completed for 'ps7_cortexa9_0'.
14:28:36 INFO  : Context for processor 'ps7_cortexa9_0' is selected.
14:28:36 INFO  : The application 'C:/Users/kab/Desktop/workspace/PL_INTP/axi_timer_pl_intp/Debug/axi_timer_pl_intp.elf' is downloaded to processor 'ps7_cortexa9_0'.
14:28:36 INFO  : ----------------XSDB Script----------------
connect -url tcp:127.0.0.1:3121
source C:/Users/kab/Desktop/workspace/PL_INTP/design_PL_Intp_wrapper_hw_platform_0/ps7_init.tcl
targets -set -nocase -filter {name =~"APU*" && jtag_cable_name =~ "Digilent Zed 210248570623"} -index 0
loadhw C:/Users/kab/Desktop/workspace/PL_INTP/design_PL_Intp_wrapper_hw_platform_0/system.hdf
targets -set -nocase -filter {name =~"APU*" && jtag_cable_name =~ "Digilent Zed 210248570623"} -index 0
stop
ps7_init
ps7_post_config
targets -set -nocase -filter {name =~ "ARM*#0" && jtag_cable_name =~ "Digilent Zed 210248570623"} -index 0
rst -processor
targets -set -nocase -filter {name =~ "ARM*#0" && jtag_cable_name =~ "Digilent Zed 210248570623"} -index 0
dow C:/Users/kab/Desktop/workspace/PL_INTP/axi_timer_pl_intp/Debug/axi_timer_pl_intp.elf
----------------End of Script----------------

14:28:37 INFO  : Memory regions updated for context APU
14:28:37 INFO  : Context for processor 'ps7_cortexa9_0' is selected.
14:28:37 INFO  : 'con' command is executed.
14:28:37 INFO  : ----------------XSDB Script (After Launch)----------------
targets -set -nocase -filter {name =~ "ARM*#0" && jtag_cable_name =~ "Digilent Zed 210248570623"} -index 0
con
----------------End of Script----------------

14:28:37 INFO  : Launch script is exported to file 'C:\Users\kab\Desktop\workspace\PL_INTP\.sdk\launch_scripts\xilinx_c-c++_application_(system_debugger)\debug_axi_timer_pl_intp.tcl'
14:31:31 INFO  : Disconnected from the channel tcfchan#5.
14:31:33 INFO  : 'targets -set -filter {jtag_cable_name =~ "Digilent Zed 210248570623" && level==0} -index 1' command is executed.
14:31:33 INFO  : 'fpga -state' command is executed.
14:31:33 INFO  : Connected to target on host '127.0.0.1' and port '3121'.
14:31:34 INFO  : Jtag cable 'Digilent Zed 210248570623' is selected.
14:31:34 INFO  : 'jtag frequency' command is executed.
14:31:34 INFO  : Sourcing of 'C:/Users/kab/Desktop/workspace/PL_INTP/design_PL_Intp_wrapper_hw_platform_0/ps7_init.tcl' is done.
14:31:34 INFO  : Context for 'APU' is selected.
14:31:36 INFO  : Hardware design information is loaded from 'C:/Users/kab/Desktop/workspace/PL_INTP/design_PL_Intp_wrapper_hw_platform_0/system.hdf'.
14:31:36 INFO  : Context for 'APU' is selected.
14:31:37 INFO  : 'stop' command is executed.
14:31:45 INFO  : 'ps7_init' command is executed.
14:31:45 INFO  : 'ps7_post_config' command is executed.
14:31:45 INFO  : Context for processor 'ps7_cortexa9_0' is selected.
14:31:45 INFO  : Processor reset is completed for 'ps7_cortexa9_0'.
14:31:45 INFO  : Context for processor 'ps7_cortexa9_0' is selected.
14:31:46 INFO  : The application 'C:/Users/kab/Desktop/workspace/PL_INTP/axi_timer_pl_intp/Debug/axi_timer_pl_intp.elf' is downloaded to processor 'ps7_cortexa9_0'.
14:31:46 INFO  : ----------------XSDB Script----------------
connect -url tcp:127.0.0.1:3121
source C:/Users/kab/Desktop/workspace/PL_INTP/design_PL_Intp_wrapper_hw_platform_0/ps7_init.tcl
targets -set -nocase -filter {name =~"APU*" && jtag_cable_name =~ "Digilent Zed 210248570623"} -index 0
loadhw C:/Users/kab/Desktop/workspace/PL_INTP/design_PL_Intp_wrapper_hw_platform_0/system.hdf
targets -set -nocase -filter {name =~"APU*" && jtag_cable_name =~ "Digilent Zed 210248570623"} -index 0
stop
ps7_init
ps7_post_config
targets -set -nocase -filter {name =~ "ARM*#0" && jtag_cable_name =~ "Digilent Zed 210248570623"} -index 0
rst -processor
targets -set -nocase -filter {name =~ "ARM*#0" && jtag_cable_name =~ "Digilent Zed 210248570623"} -index 0
dow C:/Users/kab/Desktop/workspace/PL_INTP/axi_timer_pl_intp/Debug/axi_timer_pl_intp.elf
----------------End of Script----------------

14:31:46 INFO  : Memory regions updated for context APU
14:31:46 INFO  : Context for processor 'ps7_cortexa9_0' is selected.
14:31:46 INFO  : 'con' command is executed.
14:31:46 INFO  : ----------------XSDB Script (After Launch)----------------
targets -set -nocase -filter {name =~ "ARM*#0" && jtag_cable_name =~ "Digilent Zed 210248570623"} -index 0
con
----------------End of Script----------------

14:31:46 INFO  : Launch script is exported to file 'C:\Users\kab\Desktop\workspace\PL_INTP\.sdk\launch_scripts\xilinx_c-c++_application_(system_debugger)\debug_axi_timer_pl_intp.tcl'
14:32:28 INFO  : Disconnected from the channel tcfchan#6.
14:32:31 INFO  : 'targets -set -filter {jtag_cable_name =~ "Digilent Zed 210248570623" && level==0} -index 1' command is executed.
14:32:32 INFO  : 'fpga -state' command is executed.
14:32:32 INFO  : Connected to target on host '127.0.0.1' and port '3121'.
14:32:33 INFO  : Jtag cable 'Digilent Zed 210248570623' is selected.
14:32:33 INFO  : 'jtag frequency' command is executed.
14:32:33 INFO  : Sourcing of 'C:/Users/kab/Desktop/workspace/PL_INTP/design_PL_Intp_wrapper_hw_platform_0/ps7_init.tcl' is done.
14:32:33 INFO  : Context for 'APU' is selected.
14:32:35 INFO  : Hardware design information is loaded from 'C:/Users/kab/Desktop/workspace/PL_INTP/design_PL_Intp_wrapper_hw_platform_0/system.hdf'.
14:32:35 INFO  : Context for 'APU' is selected.
14:32:36 INFO  : 'stop' command is executed.
14:32:45 INFO  : 'ps7_init' command is executed.
14:32:45 INFO  : 'ps7_post_config' command is executed.
14:32:45 INFO  : Context for processor 'ps7_cortexa9_0' is selected.
14:32:45 INFO  : Processor reset is completed for 'ps7_cortexa9_0'.
14:32:45 INFO  : Context for processor 'ps7_cortexa9_0' is selected.
14:32:46 INFO  : The application 'C:/Users/kab/Desktop/workspace/PL_INTP/axi_timer_pl_intp/Debug/axi_timer_pl_intp.elf' is downloaded to processor 'ps7_cortexa9_0'.
14:32:46 INFO  : ----------------XSDB Script----------------
connect -url tcp:127.0.0.1:3121
source C:/Users/kab/Desktop/workspace/PL_INTP/design_PL_Intp_wrapper_hw_platform_0/ps7_init.tcl
targets -set -nocase -filter {name =~"APU*" && jtag_cable_name =~ "Digilent Zed 210248570623"} -index 0
loadhw C:/Users/kab/Desktop/workspace/PL_INTP/design_PL_Intp_wrapper_hw_platform_0/system.hdf
targets -set -nocase -filter {name =~"APU*" && jtag_cable_name =~ "Digilent Zed 210248570623"} -index 0
stop
ps7_init
ps7_post_config
targets -set -nocase -filter {name =~ "ARM*#0" && jtag_cable_name =~ "Digilent Zed 210248570623"} -index 0
rst -processor
targets -set -nocase -filter {name =~ "ARM*#0" && jtag_cable_name =~ "Digilent Zed 210248570623"} -index 0
dow C:/Users/kab/Desktop/workspace/PL_INTP/axi_timer_pl_intp/Debug/axi_timer_pl_intp.elf
----------------End of Script----------------

14:32:46 INFO  : Memory regions updated for context APU
14:32:46 INFO  : Context for processor 'ps7_cortexa9_0' is selected.
14:32:47 INFO  : 'con' command is executed.
14:32:47 INFO  : ----------------XSDB Script (After Launch)----------------
targets -set -nocase -filter {name =~ "ARM*#0" && jtag_cable_name =~ "Digilent Zed 210248570623"} -index 0
con
----------------End of Script----------------

14:32:47 INFO  : Launch script is exported to file 'C:\Users\kab\Desktop\workspace\PL_INTP\.sdk\launch_scripts\xilinx_c-c++_application_(system_debugger)\debug_axi_timer_pl_intp.tcl'
14:34:55 INFO  : Disconnected from the channel tcfchan#7.
14:34:57 INFO  : 'targets -set -filter {jtag_cable_name =~ "Digilent Zed 210248570623" && level==0} -index 1' command is executed.
14:34:57 INFO  : 'fpga -state' command is executed.
14:34:57 INFO  : Connected to target on host '127.0.0.1' and port '3121'.
14:34:57 INFO  : Jtag cable 'Digilent Zed 210248570623' is selected.
14:34:57 INFO  : 'jtag frequency' command is executed.
14:34:57 INFO  : Sourcing of 'C:/Users/kab/Desktop/workspace/PL_INTP/design_PL_Intp_wrapper_hw_platform_0/ps7_init.tcl' is done.
14:34:57 INFO  : Context for 'APU' is selected.
14:35:00 INFO  : Hardware design information is loaded from 'C:/Users/kab/Desktop/workspace/PL_INTP/design_PL_Intp_wrapper_hw_platform_0/system.hdf'.
14:35:00 INFO  : Context for 'APU' is selected.
14:35:00 INFO  : 'stop' command is executed.
14:35:05 INFO  : 'ps7_init' command is executed.
14:35:05 INFO  : 'ps7_post_config' command is executed.
14:35:05 INFO  : Context for processor 'ps7_cortexa9_0' is selected.
14:35:05 INFO  : Processor reset is completed for 'ps7_cortexa9_0'.
14:35:05 INFO  : Context for processor 'ps7_cortexa9_0' is selected.
14:35:06 INFO  : The application 'C:/Users/kab/Desktop/workspace/PL_INTP/axi_timer_pl_intp/Debug/axi_timer_pl_intp.elf' is downloaded to processor 'ps7_cortexa9_0'.
14:35:06 INFO  : ----------------XSDB Script----------------
connect -url tcp:127.0.0.1:3121
source C:/Users/kab/Desktop/workspace/PL_INTP/design_PL_Intp_wrapper_hw_platform_0/ps7_init.tcl
targets -set -nocase -filter {name =~"APU*" && jtag_cable_name =~ "Digilent Zed 210248570623"} -index 0
loadhw C:/Users/kab/Desktop/workspace/PL_INTP/design_PL_Intp_wrapper_hw_platform_0/system.hdf
targets -set -nocase -filter {name =~"APU*" && jtag_cable_name =~ "Digilent Zed 210248570623"} -index 0
stop
ps7_init
ps7_post_config
targets -set -nocase -filter {name =~ "ARM*#0" && jtag_cable_name =~ "Digilent Zed 210248570623"} -index 0
rst -processor
targets -set -nocase -filter {name =~ "ARM*#0" && jtag_cable_name =~ "Digilent Zed 210248570623"} -index 0
dow C:/Users/kab/Desktop/workspace/PL_INTP/axi_timer_pl_intp/Debug/axi_timer_pl_intp.elf
----------------End of Script----------------

14:35:06 INFO  : Memory regions updated for context APU
14:35:06 INFO  : Context for processor 'ps7_cortexa9_0' is selected.
14:35:07 INFO  : 'con' command is executed.
14:35:07 INFO  : ----------------XSDB Script (After Launch)----------------
targets -set -nocase -filter {name =~ "ARM*#0" && jtag_cable_name =~ "Digilent Zed 210248570623"} -index 0
con
----------------End of Script----------------

14:35:07 INFO  : Launch script is exported to file 'C:\Users\kab\Desktop\workspace\PL_INTP\.sdk\launch_scripts\xilinx_c-c++_application_(system_debugger)\debug_axi_timer_pl_intp.tcl'
14:36:57 INFO  : Disconnected from the channel tcfchan#8.
14:36:59 INFO  : 'targets -set -filter {jtag_cable_name =~ "Digilent Zed 210248570623" && level==0} -index 1' command is executed.
14:37:00 INFO  : 'fpga -state' command is executed.
14:37:00 INFO  : Connected to target on host '127.0.0.1' and port '3121'.
14:37:01 INFO  : Jtag cable 'Digilent Zed 210248570623' is selected.
14:37:01 INFO  : 'jtag frequency' command is executed.
14:37:01 INFO  : Sourcing of 'C:/Users/kab/Desktop/workspace/PL_INTP/design_PL_Intp_wrapper_hw_platform_0/ps7_init.tcl' is done.
14:37:01 INFO  : Context for 'APU' is selected.
14:37:03 INFO  : Hardware design information is loaded from 'C:/Users/kab/Desktop/workspace/PL_INTP/design_PL_Intp_wrapper_hw_platform_0/system.hdf'.
14:37:03 INFO  : Context for 'APU' is selected.
14:37:03 INFO  : 'stop' command is executed.
14:37:12 INFO  : 'ps7_init' command is executed.
14:37:12 INFO  : 'ps7_post_config' command is executed.
14:37:12 INFO  : Context for processor 'ps7_cortexa9_0' is selected.
14:37:12 INFO  : Processor reset is completed for 'ps7_cortexa9_0'.
14:37:12 INFO  : Context for processor 'ps7_cortexa9_0' is selected.
14:37:12 INFO  : The application 'C:/Users/kab/Desktop/workspace/PL_INTP/axi_timer_pl_intp/Debug/axi_timer_pl_intp.elf' is downloaded to processor 'ps7_cortexa9_0'.
14:37:12 INFO  : ----------------XSDB Script----------------
connect -url tcp:127.0.0.1:3121
source C:/Users/kab/Desktop/workspace/PL_INTP/design_PL_Intp_wrapper_hw_platform_0/ps7_init.tcl
targets -set -nocase -filter {name =~"APU*" && jtag_cable_name =~ "Digilent Zed 210248570623"} -index 0
loadhw C:/Users/kab/Desktop/workspace/PL_INTP/design_PL_Intp_wrapper_hw_platform_0/system.hdf
targets -set -nocase -filter {name =~"APU*" && jtag_cable_name =~ "Digilent Zed 210248570623"} -index 0
stop
ps7_init
ps7_post_config
targets -set -nocase -filter {name =~ "ARM*#0" && jtag_cable_name =~ "Digilent Zed 210248570623"} -index 0
rst -processor
targets -set -nocase -filter {name =~ "ARM*#0" && jtag_cable_name =~ "Digilent Zed 210248570623"} -index 0
dow C:/Users/kab/Desktop/workspace/PL_INTP/axi_timer_pl_intp/Debug/axi_timer_pl_intp.elf
----------------End of Script----------------

14:37:13 INFO  : Memory regions updated for context APU
14:37:13 INFO  : Context for processor 'ps7_cortexa9_0' is selected.
14:37:13 INFO  : 'con' command is executed.
14:37:13 INFO  : ----------------XSDB Script (After Launch)----------------
targets -set -nocase -filter {name =~ "ARM*#0" && jtag_cable_name =~ "Digilent Zed 210248570623"} -index 0
con
----------------End of Script----------------

14:37:13 INFO  : Launch script is exported to file 'C:\Users\kab\Desktop\workspace\PL_INTP\.sdk\launch_scripts\xilinx_c-c++_application_(system_debugger)\debug_axi_timer_pl_intp.tcl'
15:47:50 INFO  : Connected to target on host '127.0.0.1' and port '3121'.
15:47:50 INFO  : 'targets -set -filter {jtag_cable_name =~ "Digilent Zed 210248570623" && level==0} -index 1' command is executed.
15:47:53 INFO  : FPGA configured successfully with bitstream "C:/Users/kab/Desktop/workspace/PL_INTP/design_PL_Intp_wrapper_hw_platform_0/design_PL_Intp_wrapper.bit"
16:13:25 INFO  : Connected to target on host '127.0.0.1' and port '3121'.
16:13:25 INFO  : 'targets -set -filter {jtag_cable_name =~ "Digilent Zed 210248570623" && level==0} -index 1' command is executed.
16:13:29 INFO  : FPGA configured successfully with bitstream "C:/Users/kab/Desktop/workspace/PL_INTP/design_PL_Intp_wrapper_hw_platform_0/design_PL_Intp_wrapper.bit"
16:13:42 INFO  : Disconnected from the channel tcfchan#9.
16:13:44 INFO  : 'targets -set -filter {jtag_cable_name =~ "Digilent Zed 210248570623" && level==0} -index 1' command is executed.
16:13:45 INFO  : 'fpga -state' command is executed.
16:13:45 INFO  : Connected to target on host '127.0.0.1' and port '3121'.
16:13:45 INFO  : Jtag cable 'Digilent Zed 210248570623' is selected.
16:13:45 INFO  : 'jtag frequency' command is executed.
16:13:45 INFO  : Sourcing of 'C:/Users/kab/Desktop/workspace/PL_INTP/design_PL_Intp_wrapper_hw_platform_0/ps7_init.tcl' is done.
16:13:45 INFO  : Context for 'APU' is selected.
16:13:48 INFO  : Hardware design information is loaded from 'C:/Users/kab/Desktop/workspace/PL_INTP/design_PL_Intp_wrapper_hw_platform_0/system.hdf'.
16:13:48 INFO  : Context for 'APU' is selected.
16:13:49 INFO  : 'stop' command is executed.
16:14:14 INFO  : 'ps7_init' command is executed.
16:14:14 INFO  : 'ps7_post_config' command is executed.
16:14:14 INFO  : Context for processor 'ps7_cortexa9_0' is selected.
16:14:15 INFO  : Processor reset is completed for 'ps7_cortexa9_0'.
16:14:15 INFO  : Context for processor 'ps7_cortexa9_0' is selected.
16:14:18 ERROR : Memory write error at 0x100000. AP transaction timeout
16:14:18 INFO  : ----------------XSDB Script----------------
connect -url tcp:127.0.0.1:3121
source C:/Users/kab/Desktop/workspace/PL_INTP/design_PL_Intp_wrapper_hw_platform_0/ps7_init.tcl
targets -set -nocase -filter {name =~"APU*" && jtag_cable_name =~ "Digilent Zed 210248570623"} -index 0
loadhw C:/Users/kab/Desktop/workspace/PL_INTP/design_PL_Intp_wrapper_hw_platform_0/system.hdf
targets -set -nocase -filter {name =~"APU*" && jtag_cable_name =~ "Digilent Zed 210248570623"} -index 0
stop
ps7_init
ps7_post_config
targets -set -nocase -filter {name =~ "ARM*#0" && jtag_cable_name =~ "Digilent Zed 210248570623"} -index 0
rst -processor
targets -set -nocase -filter {name =~ "ARM*#0" && jtag_cable_name =~ "Digilent Zed 210248570623"} -index 0
dow C:/Users/kab/Desktop/workspace/PL_INTP/axi_timer_pl_intp/Debug/axi_timer_pl_intp.elf
----------------End of Script----------------

16:14:29 INFO  : Connected to target on host '127.0.0.1' and port '3121'.
16:14:33 INFO  : 'targets -set -filter {jtag_cable_name =~ "Digilent Zed 210248570623" && level==0} -index 1' command is executed.
16:14:37 INFO  : FPGA configured successfully with bitstream "C:/Users/kab/Desktop/workspace/PL_INTP/design_PL_Intp_wrapper_hw_platform_0/design_PL_Intp_wrapper.bit"
16:14:41 INFO  : 'targets -set -filter {jtag_cable_name =~ "Digilent Zed 210248570623" && level==0} -index 1' command is executed.
16:14:42 INFO  : 'fpga -state' command is executed.
16:14:42 INFO  : Connected to target on host '127.0.0.1' and port '3121'.
16:14:42 INFO  : Jtag cable 'Digilent Zed 210248570623' is selected.
16:14:42 INFO  : 'jtag frequency' command is executed.
16:14:42 INFO  : Sourcing of 'C:/Users/kab/Desktop/workspace/PL_INTP/design_PL_Intp_wrapper_hw_platform_0/ps7_init.tcl' is done.
16:14:42 INFO  : Context for 'APU' is selected.
16:14:42 INFO  : Hardware design information is loaded from 'C:/Users/kab/Desktop/workspace/PL_INTP/design_PL_Intp_wrapper_hw_platform_0/system.hdf'.
16:14:42 INFO  : Context for 'APU' is selected.
16:14:43 INFO  : 'stop' command is executed.
16:14:48 INFO  : 'ps7_init' command is executed.
16:14:48 INFO  : 'ps7_post_config' command is executed.
16:14:48 INFO  : Context for processor 'ps7_cortexa9_0' is selected.
16:14:49 INFO  : Processor reset is completed for 'ps7_cortexa9_0'.
16:14:49 INFO  : Context for processor 'ps7_cortexa9_0' is selected.
16:14:50 INFO  : The application 'C:/Users/kab/Desktop/workspace/PL_INTP/axi_timer_pl_intp/Debug/axi_timer_pl_intp.elf' is downloaded to processor 'ps7_cortexa9_0'.
16:14:50 INFO  : ----------------XSDB Script----------------
connect -url tcp:127.0.0.1:3121
source C:/Users/kab/Desktop/workspace/PL_INTP/design_PL_Intp_wrapper_hw_platform_0/ps7_init.tcl
targets -set -nocase -filter {name =~"APU*" && jtag_cable_name =~ "Digilent Zed 210248570623"} -index 0
loadhw C:/Users/kab/Desktop/workspace/PL_INTP/design_PL_Intp_wrapper_hw_platform_0/system.hdf
targets -set -nocase -filter {name =~"APU*" && jtag_cable_name =~ "Digilent Zed 210248570623"} -index 0
stop
ps7_init
ps7_post_config
targets -set -nocase -filter {name =~ "ARM*#0" && jtag_cable_name =~ "Digilent Zed 210248570623"} -index 0
rst -processor
targets -set -nocase -filter {name =~ "ARM*#0" && jtag_cable_name =~ "Digilent Zed 210248570623"} -index 0
dow C:/Users/kab/Desktop/workspace/PL_INTP/axi_timer_pl_intp/Debug/axi_timer_pl_intp.elf
----------------End of Script----------------

16:14:50 INFO  : Memory regions updated for context APU
16:14:51 INFO  : Context for processor 'ps7_cortexa9_0' is selected.
16:14:51 INFO  : 'con' command is executed.
16:14:51 INFO  : ----------------XSDB Script (After Launch)----------------
targets -set -nocase -filter {name =~ "ARM*#0" && jtag_cable_name =~ "Digilent Zed 210248570623"} -index 0
con
----------------End of Script----------------

16:14:51 INFO  : Launch script is exported to file 'C:\Users\kab\Desktop\workspace\PL_INTP\.sdk\launch_scripts\xilinx_c-c++_application_(system_debugger)\debug_axi_timer_pl_intp.tcl'
16:16:19 INFO  : Connected to target on host '127.0.0.1' and port '3121'.
16:16:37 INFO  : Connected to target on host '127.0.0.1' and port '3121'.
16:16:39 INFO  : 'targets -set -filter {jtag_cable_name =~ "Digilent Zed 210248570623" && level==0} -index 1' command is executed.
16:16:43 INFO  : FPGA configured successfully with bitstream "C:/Users/kab/Desktop/workspace/PL_INTP/design_PL_Intp_wrapper_hw_platform_0/design_PL_Intp_wrapper.bit"
16:16:49 INFO  : Disconnected from the channel tcfchan#10.
16:16:51 INFO  : 'targets -set -filter {jtag_cable_name =~ "Digilent Zed 210248570623" && level==0} -index 1' command is executed.
16:16:51 INFO  : 'fpga -state' command is executed.
16:16:51 INFO  : Connected to target on host '127.0.0.1' and port '3121'.
16:16:52 INFO  : Jtag cable 'Digilent Zed 210248570623' is selected.
16:16:52 INFO  : 'jtag frequency' command is executed.
16:16:52 INFO  : Sourcing of 'C:/Users/kab/Desktop/workspace/PL_INTP/design_PL_Intp_wrapper_hw_platform_0/ps7_init.tcl' is done.
16:16:52 INFO  : Context for 'APU' is selected.
16:16:54 INFO  : Hardware design information is loaded from 'C:/Users/kab/Desktop/workspace/PL_INTP/design_PL_Intp_wrapper_hw_platform_0/system.hdf'.
16:16:54 INFO  : Context for 'APU' is selected.
16:16:54 INFO  : 'stop' command is executed.
16:17:00 INFO  : 'ps7_init' command is executed.
16:17:01 INFO  : 'ps7_post_config' command is executed.
16:17:01 INFO  : Context for processor 'ps7_cortexa9_0' is selected.
16:17:01 INFO  : Processor reset is completed for 'ps7_cortexa9_0'.
16:17:01 INFO  : Context for processor 'ps7_cortexa9_0' is selected.
16:17:02 INFO  : The application 'C:/Users/kab/Desktop/workspace/PL_INTP/axi_timer_pl_intp/Debug/axi_timer_pl_intp.elf' is downloaded to processor 'ps7_cortexa9_0'.
16:17:02 INFO  : ----------------XSDB Script----------------
connect -url tcp:127.0.0.1:3121
source C:/Users/kab/Desktop/workspace/PL_INTP/design_PL_Intp_wrapper_hw_platform_0/ps7_init.tcl
targets -set -nocase -filter {name =~"APU*" && jtag_cable_name =~ "Digilent Zed 210248570623"} -index 0
loadhw C:/Users/kab/Desktop/workspace/PL_INTP/design_PL_Intp_wrapper_hw_platform_0/system.hdf
targets -set -nocase -filter {name =~"APU*" && jtag_cable_name =~ "Digilent Zed 210248570623"} -index 0
stop
ps7_init
ps7_post_config
targets -set -nocase -filter {name =~ "ARM*#0" && jtag_cable_name =~ "Digilent Zed 210248570623"} -index 0
rst -processor
targets -set -nocase -filter {name =~ "ARM*#0" && jtag_cable_name =~ "Digilent Zed 210248570623"} -index 0
dow C:/Users/kab/Desktop/workspace/PL_INTP/axi_timer_pl_intp/Debug/axi_timer_pl_intp.elf
----------------End of Script----------------

16:17:03 INFO  : Memory regions updated for context APU
16:17:03 INFO  : Context for processor 'ps7_cortexa9_0' is selected.
16:17:04 INFO  : 'con' command is executed.
16:17:04 INFO  : ----------------XSDB Script (After Launch)----------------
targets -set -nocase -filter {name =~ "ARM*#0" && jtag_cable_name =~ "Digilent Zed 210248570623"} -index 0
con
----------------End of Script----------------

16:17:04 INFO  : Launch script is exported to file 'C:\Users\kab\Desktop\workspace\PL_INTP\.sdk\launch_scripts\xilinx_c-c++_application_(system_debugger)\debug_axi_timer_pl_intp.tcl'
16:17:29 ERROR : (XSDB Server)invalid command name "run"

16:17:51 INFO  : Disconnected from the channel tcfchan#11.
16:17:53 INFO  : 'targets -set -filter {jtag_cable_name =~ "Digilent Zed 210248570623" && level==0} -index 1' command is executed.
16:17:53 INFO  : 'fpga -state' command is executed.
16:17:53 INFO  : Connected to target on host '127.0.0.1' and port '3121'.
16:17:53 INFO  : Jtag cable 'Digilent Zed 210248570623' is selected.
16:17:53 INFO  : 'jtag frequency' command is executed.
16:17:53 INFO  : Sourcing of 'C:/Users/kab/Desktop/workspace/PL_INTP/design_PL_Intp_wrapper_hw_platform_0/ps7_init.tcl' is done.
16:17:53 INFO  : Context for 'APU' is selected.
16:17:56 INFO  : Hardware design information is loaded from 'C:/Users/kab/Desktop/workspace/PL_INTP/design_PL_Intp_wrapper_hw_platform_0/system.hdf'.
16:17:56 INFO  : Context for 'APU' is selected.
16:17:56 INFO  : 'stop' command is executed.
16:18:05 INFO  : 'ps7_init' command is executed.
16:18:05 INFO  : 'ps7_post_config' command is executed.
16:18:05 INFO  : Context for processor 'ps7_cortexa9_0' is selected.
16:18:06 INFO  : Processor reset is completed for 'ps7_cortexa9_0'.
16:18:06 INFO  : Context for processor 'ps7_cortexa9_0' is selected.
16:18:07 INFO  : The application 'C:/Users/kab/Desktop/workspace/PL_INTP/axi_timer_pl_intp/Debug/axi_timer_pl_intp.elf' is downloaded to processor 'ps7_cortexa9_0'.
16:18:07 INFO  : ----------------XSDB Script----------------
connect -url tcp:127.0.0.1:3121
source C:/Users/kab/Desktop/workspace/PL_INTP/design_PL_Intp_wrapper_hw_platform_0/ps7_init.tcl
targets -set -nocase -filter {name =~"APU*" && jtag_cable_name =~ "Digilent Zed 210248570623"} -index 0
loadhw C:/Users/kab/Desktop/workspace/PL_INTP/design_PL_Intp_wrapper_hw_platform_0/system.hdf
targets -set -nocase -filter {name =~"APU*" && jtag_cable_name =~ "Digilent Zed 210248570623"} -index 0
stop
ps7_init
ps7_post_config
targets -set -nocase -filter {name =~ "ARM*#0" && jtag_cable_name =~ "Digilent Zed 210248570623"} -index 0
rst -processor
targets -set -nocase -filter {name =~ "ARM*#0" && jtag_cable_name =~ "Digilent Zed 210248570623"} -index 0
dow C:/Users/kab/Desktop/workspace/PL_INTP/axi_timer_pl_intp/Debug/axi_timer_pl_intp.elf
----------------End of Script----------------

16:18:07 INFO  : Memory regions updated for context APU
16:18:07 INFO  : Context for processor 'ps7_cortexa9_0' is selected.
16:18:07 INFO  : 'con' command is executed.
16:18:07 INFO  : ----------------XSDB Script (After Launch)----------------
targets -set -nocase -filter {name =~ "ARM*#0" && jtag_cable_name =~ "Digilent Zed 210248570623"} -index 0
con
----------------End of Script----------------

16:18:07 INFO  : Launch script is exported to file 'C:\Users\kab\Desktop\workspace\PL_INTP\.sdk\launch_scripts\xilinx_c-c++_application_(system_debugger)\debug_axi_timer_pl_intp.tcl'
17:20:02 INFO  : Disconnected from the channel tcfchan#12.
