10:24:59 INFO  : Registering command handlers for SDK TCF services
10:24:59 INFO  : Launching XSCT server: xsct.bat -interactive C:\Users\kab\Desktop\workspace\PL_INTP\PL_Intp.sdk\temp_xsdb_launch_script.tcl
10:25:00 INFO  : XSCT server has started successfully.
10:25:00 INFO  : Successfully done setting XSCT server connection channel  
10:25:00 INFO  : Successfully done setting SDK workspace  
10:25:00 INFO  : Processing command line option -hwspec C:/Users/kab/Desktop/workspace/PL_INTP/PL_Intp.sdk/design_pl_inpp_wrapper.hdf.
10:26:01 INFO  : Connected to target on host '127.0.0.1' and port '3121'.
10:26:06 INFO  : 'targets -set -filter {jtag_cable_name =~ "Digilent Zed 210248570623" && level==0} -index 1' command is executed.
10:26:09 INFO  : FPGA configured successfully with bitstream "C:/Users/kab/Desktop/workspace/PL_INTP/PL_Intp.sdk/design_pl_inpp_wrapper_hw_platform_0/design_pl_inpp_wrapper.bit"
10:26:30 INFO  : 'targets -set -filter {jtag_cable_name =~ "Digilent Zed 210248570623" && level==0} -index 1' command is executed.
10:26:30 INFO  : 'fpga -state' command is executed.
10:26:30 INFO  : Connected to target on host '127.0.0.1' and port '3121'.
10:26:30 INFO  : Jtag cable 'Digilent Zed 210248570623' is selected.
10:26:30 INFO  : 'jtag frequency' command is executed.
10:26:30 INFO  : Sourcing of 'C:/Users/kab/Desktop/workspace/PL_INTP/PL_Intp.sdk/design_pl_inpp_wrapper_hw_platform_0/ps7_init.tcl' is done.
10:26:30 INFO  : Context for 'APU' is selected.
10:26:31 INFO  : Hardware design information is loaded from 'C:/Users/kab/Desktop/workspace/PL_INTP/PL_Intp.sdk/design_pl_inpp_wrapper_hw_platform_0/system.hdf'.
10:26:31 INFO  : Context for 'APU' is selected.
10:26:31 INFO  : 'stop' command is executed.
10:26:33 INFO  : 'ps7_init' command is executed.
10:26:33 INFO  : 'ps7_post_config' command is executed.
10:26:33 INFO  : Context for processor 'ps7_cortexa9_0' is selected.
10:26:33 INFO  : Processor reset is completed for 'ps7_cortexa9_0'.
10:26:34 INFO  : Context for processor 'ps7_cortexa9_0' is selected.
10:26:36 INFO  : The application 'C:/Users/kab/Desktop/workspace/PL_INTP/PL_Intp.sdk/pl_intp_app/Debug/pl_intp_app.elf' is downloaded to processor 'ps7_cortexa9_0'.
10:26:36 INFO  : ----------------XSDB Script----------------
connect -url tcp:127.0.0.1:3121
source C:/Users/kab/Desktop/workspace/PL_INTP/PL_Intp.sdk/design_pl_inpp_wrapper_hw_platform_0/ps7_init.tcl
targets -set -nocase -filter {name =~"APU*" && jtag_cable_name =~ "Digilent Zed 210248570623"} -index 0
loadhw C:/Users/kab/Desktop/workspace/PL_INTP/PL_Intp.sdk/design_pl_inpp_wrapper_hw_platform_0/system.hdf
targets -set -nocase -filter {name =~"APU*" && jtag_cable_name =~ "Digilent Zed 210248570623"} -index 0
stop
ps7_init
ps7_post_config
targets -set -nocase -filter {name =~ "ARM*#0" && jtag_cable_name =~ "Digilent Zed 210248570623"} -index 0
rst -processor
targets -set -nocase -filter {name =~ "ARM*#0" && jtag_cable_name =~ "Digilent Zed 210248570623"} -index 0
dow C:/Users/kab/Desktop/workspace/PL_INTP/PL_Intp.sdk/pl_intp_app/Debug/pl_intp_app.elf
----------------End of Script----------------

10:26:36 INFO  : Memory regions updated for context APU
10:26:36 INFO  : Context for processor 'ps7_cortexa9_0' is selected.
10:26:36 INFO  : 'con' command is executed.
10:26:36 INFO  : ----------------XSDB Script (After Launch)----------------
targets -set -nocase -filter {name =~ "ARM*#0" && jtag_cable_name =~ "Digilent Zed 210248570623"} -index 0
con
----------------End of Script----------------

10:26:36 INFO  : Launch script is exported to file 'C:\Users\kab\Desktop\workspace\PL_INTP\PL_Intp.sdk\.sdk\launch_scripts\xilinx_c-c++_application_(system_debugger)\debug_pl_intp_app.tcl'
10:27:02 INFO  : Disconnected from the channel tcfchan#1.
