
*** Running vivado
    with args -log design_PL_Intp_wrapper.vdi -applog -m64 -product Vivado -messageDb vivado.pb -mode batch -source design_PL_Intp_wrapper.tcl -notrace


****** Vivado v2016.4 (64-bit)
  **** SW Build 1756540 on Mon Jan 23 19:11:23 MST 2017
  **** IP Build 1755317 on Mon Jan 23 20:30:07 MST 2017
    ** Copyright 1986-2016 Xilinx, Inc. All Rights Reserved.

source design_PL_Intp_wrapper.tcl -notrace
Design is defaulting to srcset: sources_1
Design is defaulting to constrset: constrs_1
INFO: [Project 1-454] Reading design checkpoint 'c:/Users/kab/Downloads/DMA Interrupt/dma_intr/dma_intr.srcs/sources_1/bd/design_PL_Intp/ip/design_PL_Intp_axi_timer_0_0/design_PL_Intp_axi_timer_0_0.dcp' for cell 'design_PL_Intp_i/axi_timer_0'
INFO: [Project 1-454] Reading design checkpoint 'c:/Users/kab/Downloads/DMA Interrupt/dma_intr/dma_intr.srcs/sources_1/bd/design_PL_Intp/ip/design_PL_Intp_processing_system7_0_0/design_PL_Intp_processing_system7_0_0.dcp' for cell 'design_PL_Intp_i/processing_system7_0'
INFO: [Project 1-454] Reading design checkpoint 'c:/Users/kab/Downloads/DMA Interrupt/dma_intr/dma_intr.srcs/sources_1/bd/design_PL_Intp/ip/design_PL_Intp_rst_ps7_0_100M_0/design_PL_Intp_rst_ps7_0_100M_0.dcp' for cell 'design_PL_Intp_i/rst_ps7_0_100M'
INFO: [Project 1-454] Reading design checkpoint 'c:/Users/kab/Downloads/DMA Interrupt/dma_intr/dma_intr.srcs/sources_1/bd/design_PL_Intp/ip/design_PL_Intp_auto_pc_0/design_PL_Intp_auto_pc_0.dcp' for cell 'design_PL_Intp_i/ps7_0_axi_periph/s00_couplers/auto_pc'
INFO: [Netlist 29-17] Analyzing 66 Unisim elements for replacement
INFO: [Netlist 29-28] Unisim Transformation completed in 0 CPU seconds
INFO: [Project 1-479] Netlist was created with Vivado 2016.4
INFO: [Device 21-403] Loading part xc7z020clg484-1
INFO: [Project 1-570] Preparing netlist for logic optimization
Parsing XDC File [c:/Users/kab/Downloads/DMA Interrupt/dma_intr/dma_intr.srcs/sources_1/bd/design_PL_Intp/ip/design_PL_Intp_processing_system7_0_0/design_PL_Intp_processing_system7_0_0.xdc] for cell 'design_PL_Intp_i/processing_system7_0/inst'
Finished Parsing XDC File [c:/Users/kab/Downloads/DMA Interrupt/dma_intr/dma_intr.srcs/sources_1/bd/design_PL_Intp/ip/design_PL_Intp_processing_system7_0_0/design_PL_Intp_processing_system7_0_0.xdc] for cell 'design_PL_Intp_i/processing_system7_0/inst'
Parsing XDC File [c:/Users/kab/Downloads/DMA Interrupt/dma_intr/dma_intr.srcs/sources_1/bd/design_PL_Intp/ip/design_PL_Intp_axi_timer_0_0/design_PL_Intp_axi_timer_0_0.xdc] for cell 'design_PL_Intp_i/axi_timer_0/U0'
Finished Parsing XDC File [c:/Users/kab/Downloads/DMA Interrupt/dma_intr/dma_intr.srcs/sources_1/bd/design_PL_Intp/ip/design_PL_Intp_axi_timer_0_0/design_PL_Intp_axi_timer_0_0.xdc] for cell 'design_PL_Intp_i/axi_timer_0/U0'
Parsing XDC File [c:/Users/kab/Downloads/DMA Interrupt/dma_intr/dma_intr.srcs/sources_1/bd/design_PL_Intp/ip/design_PL_Intp_rst_ps7_0_100M_0/design_PL_Intp_rst_ps7_0_100M_0_board.xdc] for cell 'design_PL_Intp_i/rst_ps7_0_100M/U0'
Finished Parsing XDC File [c:/Users/kab/Downloads/DMA Interrupt/dma_intr/dma_intr.srcs/sources_1/bd/design_PL_Intp/ip/design_PL_Intp_rst_ps7_0_100M_0/design_PL_Intp_rst_ps7_0_100M_0_board.xdc] for cell 'design_PL_Intp_i/rst_ps7_0_100M/U0'
Parsing XDC File [c:/Users/kab/Downloads/DMA Interrupt/dma_intr/dma_intr.srcs/sources_1/bd/design_PL_Intp/ip/design_PL_Intp_rst_ps7_0_100M_0/design_PL_Intp_rst_ps7_0_100M_0.xdc] for cell 'design_PL_Intp_i/rst_ps7_0_100M/U0'
Finished Parsing XDC File [c:/Users/kab/Downloads/DMA Interrupt/dma_intr/dma_intr.srcs/sources_1/bd/design_PL_Intp/ip/design_PL_Intp_rst_ps7_0_100M_0/design_PL_Intp_rst_ps7_0_100M_0.xdc] for cell 'design_PL_Intp_i/rst_ps7_0_100M/U0'
INFO: [Project 1-538] Using original IP XDC constraints instead of the XDC constraints in dcp 'c:/Users/kab/Downloads/DMA Interrupt/dma_intr/dma_intr.srcs/sources_1/bd/design_PL_Intp/ip/design_PL_Intp_processing_system7_0_0/design_PL_Intp_processing_system7_0_0.dcp'
INFO: [Project 1-538] Using original IP XDC constraints instead of the XDC constraints in dcp 'c:/Users/kab/Downloads/DMA Interrupt/dma_intr/dma_intr.srcs/sources_1/bd/design_PL_Intp/ip/design_PL_Intp_axi_timer_0_0/design_PL_Intp_axi_timer_0_0.dcp'
INFO: [Project 1-538] Using original IP XDC constraints instead of the XDC constraints in dcp 'c:/Users/kab/Downloads/DMA Interrupt/dma_intr/dma_intr.srcs/sources_1/bd/design_PL_Intp/ip/design_PL_Intp_rst_ps7_0_100M_0/design_PL_Intp_rst_ps7_0_100M_0.dcp'
INFO: [Project 1-538] Using original IP XDC constraints instead of the XDC constraints in dcp 'c:/Users/kab/Downloads/DMA Interrupt/dma_intr/dma_intr.srcs/sources_1/bd/design_PL_Intp/ip/design_PL_Intp_auto_pc_0/design_PL_Intp_auto_pc_0.dcp'
INFO: [Opt 31-138] Pushed 0 inverter(s) to 0 load pin(s).
INFO: [Project 1-111] Unisim Transformation Summary:
No Unisim elements were transformed.

link_design: Time (s): cpu = 00:00:08 ; elapsed = 00:00:08 . Memory (MB): peak = 544.988 ; gain = 299.109
Command: opt_design
Attempting to get a license for feature 'Implementation' and/or device 'xc7z020'
INFO: [Common 17-349] Got license for feature 'Implementation' and/or device 'xc7z020'
Running DRC as a precondition to command opt_design

Starting DRC Task
INFO: [DRC 23-27] Running DRC with 2 threads
INFO: [Project 1-461] DRC finished with 0 Errors
INFO: [Project 1-462] Please refer to the DRC report (report_drc) for more information.

Time (s): cpu = 00:00:01 ; elapsed = 00:00:00.437 . Memory (MB): peak = 557.391 ; gain = 12.402
INFO: [Timing 38-35] Done setting XDC timing constraints.

Starting Logic Optimization Task
Implement Debug Cores | Checksum: f1e9ad92

Phase 1 Retarget
INFO: [Opt 31-138] Pushed 0 inverter(s) to 0 load pin(s).
INFO: [Opt 31-49] Retargeted 0 cell(s).
Phase 1 Retarget | Checksum: 200393fe4

Time (s): cpu = 00:00:00 ; elapsed = 00:00:00.155 . Memory (MB): peak = 1040.035 ; gain = 0.004

Phase 2 Constant propagation
INFO: [Opt 31-138] Pushed 0 inverter(s) to 0 load pin(s).
INFO: [Opt 31-10] Eliminated 44 cells.
Phase 2 Constant propagation | Checksum: 1aba02759

Time (s): cpu = 00:00:00 ; elapsed = 00:00:00.370 . Memory (MB): peak = 1040.035 ; gain = 0.004

Phase 3 Sweep
INFO: [Opt 31-12] Eliminated 396 unconnected nets.
INFO: [Opt 31-11] Eliminated 361 unconnected cells.
Phase 3 Sweep | Checksum: 215a7e8bb

Time (s): cpu = 00:00:01 ; elapsed = 00:00:00.788 . Memory (MB): peak = 1040.035 ; gain = 0.004

Phase 4 BUFG optimization
INFO: [Opt 31-12] Eliminated 0 unconnected nets.
INFO: [Opt 31-11] Eliminated 0 unconnected cells.
Phase 4 BUFG optimization | Checksum: 1c7a99f96

Time (s): cpu = 00:00:01 ; elapsed = 00:00:01 . Memory (MB): peak = 1040.035 ; gain = 0.004

Starting Connectivity Check Task

Time (s): cpu = 00:00:00 ; elapsed = 00:00:00.005 . Memory (MB): peak = 1040.035 ; gain = 0.000
Ending Logic Optimization Task | Checksum: 1c7a99f96

Time (s): cpu = 00:00:01 ; elapsed = 00:00:01 . Memory (MB): peak = 1040.035 ; gain = 0.004

Starting Power Optimization Task
INFO: [Pwropt 34-132] Skipping clock gating for clocks with a period < 2.00 ns.
Ending Power Optimization Task | Checksum: 1c7a99f96

Time (s): cpu = 00:00:00 ; elapsed = 00:00:00.016 . Memory (MB): peak = 1040.035 ; gain = 0.000
INFO: [Common 17-83] Releasing license: Implementation
30 Infos, 0 Warnings, 0 Critical Warnings and 0 Errors encountered.
opt_design completed successfully
opt_design: Time (s): cpu = 00:00:12 ; elapsed = 00:00:12 . Memory (MB): peak = 1040.035 ; gain = 495.047
Writing placer database...
Writing XDEF routing.
Writing XDEF routing logical nets.
Writing XDEF routing special nets.
Write XDEF Complete: Time (s): cpu = 00:00:00 ; elapsed = 00:00:00.066 . Memory (MB): peak = 1040.035 ; gain = 0.000
INFO: [Common 17-1381] The checkpoint 'C:/Users/kab/Desktop/workspace/PL_INTP/impl_2/design_PL_Intp_wrapper_opt.dcp' has been generated.
INFO: [DRC 23-27] Running DRC with 2 threads
INFO: [Coretcl 2-168] The results of DRC are in file C:/Users/kab/Desktop/workspace/PL_INTP/impl_2/design_PL_Intp_wrapper_drc_opted.rpt.
INFO: [Chipscope 16-241] No debug cores found in the current design.
Before running the implement_debug_core command, either use the Set Up Debug wizard (GUI mode)
or use the create_debug_core and connect_debug_core Tcl commands to insert debug cores into the design.
Command: place_design
Attempting to get a license for feature 'Implementation' and/or device 'xc7z020'
INFO: [Common 17-349] Got license for feature 'Implementation' and/or device 'xc7z020'
INFO: [DRC 23-27] Running DRC with 2 threads
INFO: [Vivado_Tcl 4-198] DRC finished with 0 Errors
INFO: [Vivado_Tcl 4-199] Please refer to the DRC report (report_drc) for more information.
Running DRC as a precondition to command place_design
INFO: [DRC 23-27] Running DRC with 2 threads
INFO: [Vivado_Tcl 4-198] DRC finished with 0 Errors
INFO: [Vivado_Tcl 4-199] Please refer to the DRC report (report_drc) for more information.

Starting Placer Task
INFO: [Place 30-611] Multithreading enabled for place_design using a maximum of 2 CPUs

Phase 1 Placer Initialization
Netlist sorting complete. Time (s): cpu = 00:00:00 ; elapsed = 00:00:00.003 . Memory (MB): peak = 1040.035 ; gain = 0.000
Netlist sorting complete. Time (s): cpu = 00:00:00 ; elapsed = 00:00:00.004 . Memory (MB): peak = 1040.035 ; gain = 0.000

Phase 1.1 IO Placement/ Clock Placement/ Build Placer Device
INFO: [Timing 38-35] Done setting XDC timing constraints.
Phase 1.1 IO Placement/ Clock Placement/ Build Placer Device | Checksum: 346b2559

Time (s): cpu = 00:00:01 ; elapsed = 00:00:02 . Memory (MB): peak = 1067.227 ; gain = 27.191

Phase 1.2 Build Placer Netlist Model
Phase 1.2 Build Placer Netlist Model | Checksum: 1016727a9

Time (s): cpu = 00:00:02 ; elapsed = 00:00:02 . Memory (MB): peak = 1067.227 ; gain = 27.191

Phase 1.3 Constrain Clocks/Macros
Phase 1.3 Constrain Clocks/Macros | Checksum: 1016727a9

Time (s): cpu = 00:00:02 ; elapsed = 00:00:02 . Memory (MB): peak = 1067.227 ; gain = 27.191
Phase 1 Placer Initialization | Checksum: 1016727a9

Time (s): cpu = 00:00:02 ; elapsed = 00:00:02 . Memory (MB): peak = 1067.227 ; gain = 27.191

Phase 2 Global Placement
Phase 2 Global Placement | Checksum: 14ab85d04

Time (s): cpu = 00:00:04 ; elapsed = 00:00:03 . Memory (MB): peak = 1067.227 ; gain = 27.191

Phase 3 Detail Placement

Phase 3.1 Commit Multi Column Macros
Phase 3.1 Commit Multi Column Macros | Checksum: 14ab85d04

Time (s): cpu = 00:00:05 ; elapsed = 00:00:03 . Memory (MB): peak = 1067.227 ; gain = 27.191

Phase 3.2 Commit Most Macros & LUTRAMs
Phase 3.2 Commit Most Macros & LUTRAMs | Checksum: d3881f0f

Time (s): cpu = 00:00:05 ; elapsed = 00:00:03 . Memory (MB): peak = 1067.227 ; gain = 27.191

Phase 3.3 Area Swap Optimization
Phase 3.3 Area Swap Optimization | Checksum: 17f82255f

Time (s): cpu = 00:00:05 ; elapsed = 00:00:03 . Memory (MB): peak = 1067.227 ; gain = 27.191

Phase 3.4 Pipeline Register Optimization
Phase 3.4 Pipeline Register Optimization | Checksum: 17f82255f

Time (s): cpu = 00:00:05 ; elapsed = 00:00:04 . Memory (MB): peak = 1067.227 ; gain = 27.191

Phase 3.5 Timing Path Optimizer
Phase 3.5 Timing Path Optimizer | Checksum: 13af8f0a3

Time (s): cpu = 00:00:05 ; elapsed = 00:00:04 . Memory (MB): peak = 1067.227 ; gain = 27.191

Phase 3.6 Small Shape Detail Placement
Phase 3.6 Small Shape Detail Placement | Checksum: 1a1481031

Time (s): cpu = 00:00:06 ; elapsed = 00:00:04 . Memory (MB): peak = 1067.227 ; gain = 27.191

Phase 3.7 Re-assign LUT pins
Phase 3.7 Re-assign LUT pins | Checksum: 225ec4afd

Time (s): cpu = 00:00:06 ; elapsed = 00:00:04 . Memory (MB): peak = 1067.227 ; gain = 27.191

Phase 3.8 Pipeline Register Optimization
Phase 3.8 Pipeline Register Optimization | Checksum: 225ec4afd

Time (s): cpu = 00:00:06 ; elapsed = 00:00:04 . Memory (MB): peak = 1067.227 ; gain = 27.191
Phase 3 Detail Placement | Checksum: 225ec4afd

Time (s): cpu = 00:00:06 ; elapsed = 00:00:04 . Memory (MB): peak = 1067.227 ; gain = 27.191

Phase 4 Post Placement Optimization and Clean-Up

Phase 4.1 Post Commit Optimization
INFO: [Timing 38-35] Done setting XDC timing constraints.

Phase 4.1.1 Post Placement Optimization
INFO: [Place 30-746] Post Placement Timing Summary WNS=3.671. For the most accurate timing information please run report_timing.
Phase 4.1.1 Post Placement Optimization | Checksum: 221f40089

Time (s): cpu = 00:00:06 ; elapsed = 00:00:05 . Memory (MB): peak = 1067.227 ; gain = 27.191
Phase 4.1 Post Commit Optimization | Checksum: 221f40089

Time (s): cpu = 00:00:06 ; elapsed = 00:00:05 . Memory (MB): peak = 1067.227 ; gain = 27.191

Phase 4.2 Post Placement Cleanup
Phase 4.2 Post Placement Cleanup | Checksum: 221f40089

Time (s): cpu = 00:00:06 ; elapsed = 00:00:05 . Memory (MB): peak = 1067.227 ; gain = 27.191

Phase 4.3 Placer Reporting
Phase 4.3 Placer Reporting | Checksum: 221f40089

Time (s): cpu = 00:00:06 ; elapsed = 00:00:05 . Memory (MB): peak = 1067.227 ; gain = 27.191

Phase 4.4 Final Placement Cleanup
Phase 4.4 Final Placement Cleanup | Checksum: 1d0ca0b6a

Time (s): cpu = 00:00:06 ; elapsed = 00:00:05 . Memory (MB): peak = 1067.227 ; gain = 27.191
Phase 4 Post Placement Optimization and Clean-Up | Checksum: 1d0ca0b6a

Time (s): cpu = 00:00:06 ; elapsed = 00:00:05 . Memory (MB): peak = 1067.227 ; gain = 27.191
Ending Placer Task | Checksum: fefd3f25

Time (s): cpu = 00:00:07 ; elapsed = 00:00:05 . Memory (MB): peak = 1067.227 ; gain = 27.191
INFO: [Common 17-83] Releasing license: Implementation
46 Infos, 0 Warnings, 0 Critical Warnings and 0 Errors encountered.
place_design completed successfully
place_design: Time (s): cpu = 00:00:10 ; elapsed = 00:00:06 . Memory (MB): peak = 1067.227 ; gain = 27.191
Writing placer database...
Writing XDEF routing.
Writing XDEF routing logical nets.
Writing XDEF routing special nets.
Write XDEF Complete: Time (s): cpu = 00:00:00 ; elapsed = 00:00:00.167 . Memory (MB): peak = 1067.227 ; gain = 0.000
INFO: [Common 17-1381] The checkpoint 'C:/Users/kab/Desktop/workspace/PL_INTP/impl_2/design_PL_Intp_wrapper_placed.dcp' has been generated.
report_io: Time (s): cpu = 00:00:00 ; elapsed = 00:00:00.060 . Memory (MB): peak = 1067.227 ; gain = 0.000
report_utilization: Time (s): cpu = 00:00:00 ; elapsed = 00:00:00.036 . Memory (MB): peak = 1067.227 ; gain = 0.000
report_control_sets: Time (s): cpu = 00:00:00 ; elapsed = 00:00:00.008 . Memory (MB): peak = 1067.227 ; gain = 0.000
Command: route_design
Attempting to get a license for feature 'Implementation' and/or device 'xc7z020'
INFO: [Common 17-349] Got license for feature 'Implementation' and/or device 'xc7z020'
Running DRC as a precondition to command route_design
INFO: [DRC 23-27] Running DRC with 2 threads
INFO: [Vivado_Tcl 4-198] DRC finished with 0 Errors
INFO: [Vivado_Tcl 4-199] Please refer to the DRC report (report_drc) for more information.


Starting Routing Task
INFO: [Route 35-254] Multithreading enabled for route_design using a maximum of 2 CPUs
Checksum: PlaceDB: dabdbb46 ConstDB: 0 ShapeSum: 243f83df RouteDB: 0

Phase 1 Build RT Design
Phase 1 Build RT Design | Checksum: 1becef06b

Time (s): cpu = 00:00:27 ; elapsed = 00:00:24 . Memory (MB): peak = 1204.988 ; gain = 137.762

Phase 2 Router Initialization

Phase 2.1 Create Timer
Phase 2.1 Create Timer | Checksum: 1becef06b

Time (s): cpu = 00:00:27 ; elapsed = 00:00:24 . Memory (MB): peak = 1204.988 ; gain = 137.762

Phase 2.2 Fix Topology Constraints
Phase 2.2 Fix Topology Constraints | Checksum: 1becef06b

Time (s): cpu = 00:00:27 ; elapsed = 00:00:24 . Memory (MB): peak = 1204.988 ; gain = 137.762

Phase 2.3 Pre Route Cleanup
Phase 2.3 Pre Route Cleanup | Checksum: 1becef06b

Time (s): cpu = 00:00:27 ; elapsed = 00:00:24 . Memory (MB): peak = 1204.988 ; gain = 137.762
 Number of Nodes with overlaps = 0

Phase 2.4 Update Timing
Phase 2.4 Update Timing | Checksum: 11c1225db

Time (s): cpu = 00:00:28 ; elapsed = 00:00:25 . Memory (MB): peak = 1213.129 ; gain = 145.902
INFO: [Route 35-416] Intermediate Timing Summary | WNS=3.613  | TNS=0.000  | WHS=-0.141 | THS=-14.204|

Phase 2 Router Initialization | Checksum: c473483f

Time (s): cpu = 00:00:28 ; elapsed = 00:00:25 . Memory (MB): peak = 1213.129 ; gain = 145.902

Phase 3 Initial Routing
Phase 3 Initial Routing | Checksum: 1b4ad417a

Time (s): cpu = 00:00:28 ; elapsed = 00:00:25 . Memory (MB): peak = 1213.129 ; gain = 145.902

Phase 4 Rip-up And Reroute

Phase 4.1 Global Iteration 0
 Number of Nodes with overlaps = 74
 Number of Nodes with overlaps = 1
 Number of Nodes with overlaps = 0

Phase 4.1.1 Update Timing
Phase 4.1.1 Update Timing | Checksum: ff2c9218

Time (s): cpu = 00:00:29 ; elapsed = 00:00:26 . Memory (MB): peak = 1213.129 ; gain = 145.902
INFO: [Route 35-416] Intermediate Timing Summary | WNS=3.221  | TNS=0.000  | WHS=N/A    | THS=N/A    |

Phase 4.1 Global Iteration 0 | Checksum: d97cd04b

Time (s): cpu = 00:00:29 ; elapsed = 00:00:26 . Memory (MB): peak = 1213.129 ; gain = 145.902

Phase 4.2 Global Iteration 1
 Number of Nodes with overlaps = 0

Phase 4.2.1 Update Timing
Phase 4.2.1 Update Timing | Checksum: 23791490e

Time (s): cpu = 00:00:29 ; elapsed = 00:00:26 . Memory (MB): peak = 1213.129 ; gain = 145.902
INFO: [Route 35-416] Intermediate Timing Summary | WNS=3.221  | TNS=0.000  | WHS=N/A    | THS=N/A    |

Phase 4.2 Global Iteration 1 | Checksum: 238e18a35

Time (s): cpu = 00:00:29 ; elapsed = 00:00:26 . Memory (MB): peak = 1213.129 ; gain = 145.902
Phase 4 Rip-up And Reroute | Checksum: 238e18a35

Time (s): cpu = 00:00:29 ; elapsed = 00:00:26 . Memory (MB): peak = 1213.129 ; gain = 145.902

Phase 5 Delay and Skew Optimization

Phase 5.1 Delay CleanUp
Phase 5.1 Delay CleanUp | Checksum: 238e18a35

Time (s): cpu = 00:00:29 ; elapsed = 00:00:26 . Memory (MB): peak = 1213.129 ; gain = 145.902

Phase 5.2 Clock Skew Optimization
Phase 5.2 Clock Skew Optimization | Checksum: 238e18a35

Time (s): cpu = 00:00:29 ; elapsed = 00:00:26 . Memory (MB): peak = 1213.129 ; gain = 145.902
Phase 5 Delay and Skew Optimization | Checksum: 238e18a35

Time (s): cpu = 00:00:29 ; elapsed = 00:00:26 . Memory (MB): peak = 1213.129 ; gain = 145.902

Phase 6 Post Hold Fix

Phase 6.1 Hold Fix Iter

Phase 6.1.1 Update Timing
Phase 6.1.1 Update Timing | Checksum: 226056f87

Time (s): cpu = 00:00:29 ; elapsed = 00:00:26 . Memory (MB): peak = 1213.129 ; gain = 145.902
INFO: [Route 35-416] Intermediate Timing Summary | WNS=3.336  | TNS=0.000  | WHS=0.060  | THS=0.000  |

Phase 6.1 Hold Fix Iter | Checksum: 1a8b32580

Time (s): cpu = 00:00:29 ; elapsed = 00:00:26 . Memory (MB): peak = 1213.129 ; gain = 145.902
Phase 6 Post Hold Fix | Checksum: 1a8b32580

Time (s): cpu = 00:00:29 ; elapsed = 00:00:26 . Memory (MB): peak = 1213.129 ; gain = 145.902

Phase 7 Route finalize

Router Utilization Summary
  Global Vertical Routing Utilization    = 0.178057 %
  Global Horizontal Routing Utilization  = 0.239689 %
  Routable Net Status*
  *Does not include unroutable nets such as driverless and loadless.
  Run report_route_status for detailed report.
  Number of Failed Nets               = 0
  Number of Unrouted Nets             = 0
  Number of Partially Routed Nets     = 0
  Number of Node Overlaps             = 0

Phase 7 Route finalize | Checksum: 1b61e9a73

Time (s): cpu = 00:00:29 ; elapsed = 00:00:26 . Memory (MB): peak = 1213.129 ; gain = 145.902

Phase 8 Verifying routed nets

 Verification completed successfully
Phase 8 Verifying routed nets | Checksum: 1b61e9a73

Time (s): cpu = 00:00:29 ; elapsed = 00:00:26 . Memory (MB): peak = 1213.129 ; gain = 145.902

Phase 9 Depositing Routes
Phase 9 Depositing Routes | Checksum: 1be4c676f

Time (s): cpu = 00:00:29 ; elapsed = 00:00:26 . Memory (MB): peak = 1213.129 ; gain = 145.902

Phase 10 Post Router Timing
INFO: [Route 35-57] Estimated Timing Summary | WNS=3.336  | TNS=0.000  | WHS=0.060  | THS=0.000  |

INFO: [Route 35-327] The final timing numbers are based on the router estimated timing analysis. For a complete and accurate timing signoff, please run report_timing_summary.
Phase 10 Post Router Timing | Checksum: 1be4c676f

Time (s): cpu = 00:00:29 ; elapsed = 00:00:26 . Memory (MB): peak = 1213.129 ; gain = 145.902
INFO: [Route 35-16] Router Completed Successfully

Time (s): cpu = 00:00:30 ; elapsed = 00:00:26 . Memory (MB): peak = 1213.129 ; gain = 145.902

Routing Is Done.
INFO: [Common 17-83] Releasing license: Implementation
60 Infos, 0 Warnings, 0 Critical Warnings and 0 Errors encountered.
route_design completed successfully
route_design: Time (s): cpu = 00:00:33 ; elapsed = 00:00:27 . Memory (MB): peak = 1213.129 ; gain = 145.902
Writing placer database...
Writing XDEF routing.
Writing XDEF routing logical nets.
Writing XDEF routing special nets.
Write XDEF Complete: Time (s): cpu = 00:00:00 ; elapsed = 00:00:00.220 . Memory (MB): peak = 1213.129 ; gain = 0.000
INFO: [Common 17-1381] The checkpoint 'C:/Users/kab/Desktop/workspace/PL_INTP/impl_2/design_PL_Intp_wrapper_routed.dcp' has been generated.
INFO: [DRC 23-27] Running DRC with 2 threads
INFO: [Coretcl 2-168] The results of DRC are in file C:/Users/kab/Desktop/workspace/PL_INTP/impl_2/design_PL_Intp_wrapper_drc_routed.rpt.
INFO: [Timing 38-35] Done setting XDC timing constraints.
INFO: [DRC 23-133] Running Methodology with 2 threads
INFO: [Coretcl 2-1520] The results of Report Methodology are in file C:/Users/kab/Desktop/workspace/PL_INTP/impl_2/design_PL_Intp_wrapper_methodology_drc_routed.rpt.
INFO: [Timing 38-35] Done setting XDC timing constraints.
INFO: [Timing 38-91] UpdateTimingParams: Speed grade: -1, Delay Type: min_max.
INFO: [Timing 38-191] Multithreading enabled for timing update using a maximum of 2 CPUs
INFO: [Timing 38-35] Done setting XDC timing constraints.
Command: report_power -file design_PL_Intp_wrapper_power_routed.rpt -pb design_PL_Intp_wrapper_power_summary_routed.pb -rpx design_PL_Intp_wrapper_power_routed.rpx
Running Vector-less Activity Propagation...

Finished Running Vector-less Activity Propagation
70 Infos, 0 Warnings, 0 Critical Warnings and 0 Errors encountered.
report_power completed successfully
Command: write_bitstream -force -no_partial_bitfile design_PL_Intp_wrapper.bit
Attempting to get a license for feature 'Implementation' and/or device 'xc7z020'
INFO: [Common 17-349] Got license for feature 'Implementation' and/or device 'xc7z020'
Running DRC as a precondition to command write_bitstream
INFO: [DRC 23-27] Running DRC with 2 threads
INFO: [Vivado 12-3199] DRC finished with 0 Errors
INFO: [Vivado 12-3200] Please refer to the DRC report (report_drc) for more information.
Loading data files...
Loading site data...
Loading route data...
Processing options...
Creating bitmap...
Creating bitstream...
Writing bitstream ./design_PL_Intp_wrapper.bit...
INFO: [Vivado 12-1842] Bitgen Completed Successfully.
INFO: [Project 1-120] WebTalk data collection is mandatory when using a WebPACK part without a full Vivado license. To see the specific WebTalk data collected for your design, open the usage_statistics_webtalk.html or usage_statistics_webtalk.xml file in the implementation directory.
INFO: [Common 17-186] 'C:/Users/kab/Desktop/workspace/PL_INTP/impl_2/usage_statistics_webtalk.xml' has been successfully sent to Xilinx on Tue Oct 17 14:02:13 2017. For additional details about this file, please refer to the WebTalk help file at C:/Xilinx/Vivado/2016.4/doc/webtalk_introduction.html.
INFO: [Common 17-83] Releasing license: Implementation
78 Infos, 0 Warnings, 0 Critical Warnings and 0 Errors encountered.
write_bitstream completed successfully
write_bitstream: Time (s): cpu = 00:00:15 ; elapsed = 00:00:17 . Memory (MB): peak = 1585.621 ; gain = 356.629
INFO: [Common 17-206] Exiting Vivado at Tue Oct 17 14:02:13 2017...
